mode: set
D:\Icortez\repo\testfif3\funciones.go:11.62,17.23 4 1
D:\Icortez\repo\testfif3\funciones.go:22.2,26.19 3 1
D:\Icortez\repo\testfif3\funciones.go:31.2,32.19 2 1
D:\Icortez\repo\testfif3\funciones.go:36.2,38.39 2 1
D:\Icortez\repo\testfif3\funciones.go:64.2,64.22 1 1
D:\Icortez\repo\testfif3\funciones.go:17.23,20.3 2 1
D:\Icortez\repo\testfif3\funciones.go:26.19,28.3 1 1
D:\Icortez\repo\testfif3\funciones.go:32.19,34.3 1 1
D:\Icortez\repo\testfif3\funciones.go:38.39,40.35 2 1
D:\Icortez\repo\testfif3\funciones.go:40.35,43.21 2 1
D:\Icortez\repo\testfif3\funciones.go:49.4,50.21 2 1
D:\Icortez\repo\testfif3\funciones.go:54.4,56.54 2 1
D:\Icortez\repo\testfif3\funciones.go:43.21,45.5 1 1
D:\Icortez\repo\testfif3\funciones.go:50.21,52.5 1 1
D:\Icortez\repo\testfif3\funciones.go:56.54,58.5 1 1
D:\Icortez\repo\testfif3\funciones.go:58.10,60.5 1 1
D:\Icortez\repo\testfif3\funciones.go:67.91,74.16 5 1
D:\Icortez\repo\testfif3\funciones.go:79.2,82.39 3 1
D:\Icortez\repo\testfif3\funciones.go:74.16,77.3 2 1
D:\Icortez\repo\testfif3\funciones.go:86.51,91.19 2 1
D:\Icortez\repo\testfif3\funciones.go:95.2,95.40 1 1
D:\Icortez\repo\testfif3\funciones.go:101.2,101.11 1 1
D:\Icortez\repo\testfif3\funciones.go:91.19,93.3 1 1
D:\Icortez\repo\testfif3\funciones.go:95.40,97.17 2 1
D:\Icortez\repo\testfif3\funciones.go:97.17,99.4 1 1
D:\Icortez\repo\testfif3\test3.go:7.13,11.15 3 0
D:\Icortez\repo\testfif3\test3.go:11.15,13.3 1 0
D:\Icortez\repo\testfif3\test3.go:13.8,15.3 1 0
